<?xml version="1.0" encoding="utf-8"?><testsuite errors="0" failures="2" name="pytest" skips="0" tests="3" time="0.115"><testcase classname="test_submit.TestChallenge4" file="test_submit.py" line="6" name="test_verify_signature" time="0.0009970664978027344"><failure message="TypeError: verify_signature() missing 1 required positional argument: &apos;secret&apos;">E   TypeError: verify_signature() missing 1 required positional argument: &apos;secret&apos;</failure></testcase><testcase classname="test_submit.TestChallenge4" file="test_submit.py" line="9" name="test_verify_signature_fail" time="0.000997304916381836"><failure message="TypeError: verify_signature() missing 1 required positional argument: &apos;secret&apos;">E   TypeError: verify_signature() missing 1 required positional argument: &apos;secret&apos;</failure></testcase><testcase classname="test_submit.TestChallenge4" file="test_submit.py" line="12" name="test_create_token" time="0.0"></testcase></testsuite>